Copyright 1986-2017 Xilinx, Inc. All Rights Reserved.
------------------------------------------------------------------------------------------
| Tool Version : Vivado v.2017.4 (win64) Build 2086221 Fri Dec 15 20:55:39 MST 2017
| Date         : Mon Oct 12 20:04:46 2020
| Host         : DESKTOP-A0R07AP running 64-bit major release  (build 9200)
| Command      : report_control_sets -verbose -file NASIC_monitor_control_sets_placed.rpt
| Design       : NASIC_monitor
| Device       : xc7a75t
------------------------------------------------------------------------------------------

Control Set Information

Table of Contents
-----------------
1. Summary
2. Flip-Flop Distribution
3. Detailed Control Set Information

1. Summary
----------

+----------------------------------------------------------+-------+
|                          Status                          | Count |
+----------------------------------------------------------+-------+
| Number of unique control sets                            |   220 |
| Unused register locations in slices containing registers |  1366 |
+----------------------------------------------------------+-------+


2. Flip-Flop Distribution
-------------------------

+--------------+-----------------------+------------------------+-----------------+--------------+
| Clock Enable | Synchronous Set/Reset | Asynchronous Set/Reset | Total Registers | Total Slices |
+--------------+-----------------------+------------------------+-----------------+--------------+
| No           | No                    | No                     |               0 |            0 |
| No           | No                    | Yes                    |             549 |          193 |
| No           | Yes                   | No                     |               0 |            0 |
| Yes          | No                    | No                     |               0 |            0 |
| Yes          | No                    | Yes                    |             365 |          233 |
| Yes          | Yes                   | No                     |               0 |            0 |
+--------------+-----------------------+------------------------+-----------------+--------------+


3. Detailed Control Set Information
-----------------------------------

+--------------------+-----------------------------------------------------------------------------------------------+----------------------------------------------------------------------------------------------+------------------+----------------+
|    Clock Signal    |                                         Enable Signal                                         |                                       Set/Reset Signal                                       | Slice Load Count | Bel Load Count |
+--------------------+-----------------------------------------------------------------------------------------------+----------------------------------------------------------------------------------------------+------------------+----------------+
|  i_clock_IBUF_BUFG | U_AER_DISTRIBUTED_MONITOR/U_AER_OUT/U_fifo/uut/RAM[18]_370                                    | U_AER_DISTRIBUTED_MONITOR/U_AER_OUT/U_fifo/uut/RAM_reg[0][3]_0                               |                1 |              1 |
|  i_clock_IBUF_BUFG | U_AER_DISTRIBUTED_MONITOR/U_AER_OUT/U_fifo/uut/RAM[25]_330                                    | U_AER_DISTRIBUTED_MONITOR/U_AER_OUT/U_fifo/uut/RAM_reg[3][0]_0                               |                1 |              1 |
|  i_clock_IBUF_BUFG | U_AER_DISTRIBUTED_MONITOR/U_AER_OUT/U_fifo/uut/RAM[53]_327                                    | U_AER_DISTRIBUTED_MONITOR/U_AER_OUT/U_fifo/uut/RAM_reg[0][3]_0                               |                1 |              1 |
|  i_clock_IBUF_BUFG | U_AER_DISTRIBUTED_MONITOR/U_AER_OUT/U_fifo/uut/RAM[53]_327                                    | U_AER_DISTRIBUTED_MONITOR/U_AER_OUT/U_fifo/uut/RAM_reg[3][0]_0                               |                1 |              1 |
|  i_clock_IBUF_BUFG | U_AER_DISTRIBUTED_MONITOR/U_AER_OUT/U_fifo/uut/RAM[56]_363                                    | U_AER_DISTRIBUTED_MONITOR/U_AER_OUT/U_fifo/uut/RAM_reg[0][3]_0                               |                1 |              1 |
|  i_clock_IBUF_BUFG |                                                                                               | U_AER_DISTRIBUTED_MONITOR/U_AER_DISTRIBUTED_MONITOR_MODULE_0/U_AER_FIFO/memused_reg[4]_0     |                1 |              1 |
|  i_clock_IBUF_BUFG | U_AER_DISTRIBUTED_MONITOR/U_AER_OUT/U_fifo/uut/RAM[56]_363                                    | U_AER_DISTRIBUTED_MONITOR/U_AER_OUT/U_fifo/uut/RAM_reg[3][0]_0                               |                1 |              1 |
|  i_clock_IBUF_BUFG | U_AER_DISTRIBUTED_MONITOR/U_AER_OUT/U_fifo/uut/RAM[51]_339                                    | U_AER_DISTRIBUTED_MONITOR/U_AER_OUT/U_fifo/uut/RAM_reg[0][3]_0                               |                1 |              1 |
|  i_clock_IBUF_BUFG | U_AER_DISTRIBUTED_MONITOR/U_AER_OUT/U_fifo/uut/RAM[51]_339                                    | U_AER_DISTRIBUTED_MONITOR/U_AER_OUT/U_fifo/uut/RAM_reg[3][0]_0                               |                1 |              1 |
|  i_clock_IBUF_BUFG | U_AER_DISTRIBUTED_MONITOR/U_AER_OUT/U_fifo/uut/RAM[55]_343                                    | U_AER_DISTRIBUTED_MONITOR/U_AER_OUT/U_fifo/uut/RAM_reg[0][3]_0                               |                1 |              1 |
|  i_clock_IBUF_BUFG | U_AER_DISTRIBUTED_MONITOR/U_AER_OUT/U_fifo/uut/RAM[55]_343                                    | U_AER_DISTRIBUTED_MONITOR/U_AER_OUT/U_fifo/uut/RAM_reg[3][0]_0                               |                1 |              1 |
|  i_clock_IBUF_BUFG | U_AER_DISTRIBUTED_MONITOR/U_AER_OUT/U_fifo/uut/RAM[31]_350                                    | U_AER_DISTRIBUTED_MONITOR/U_AER_OUT/U_fifo/uut/RAM_reg[0][3]_0                               |                1 |              1 |
|  i_clock_IBUF_BUFG | U_AER_DISTRIBUTED_MONITOR/U_AER_OUT/U_fifo/uut/RAM[31]_350                                    | U_AER_DISTRIBUTED_MONITOR/U_AER_OUT/U_fifo/uut/RAM_reg[3][0]_0                               |                1 |              1 |
|  i_clock_IBUF_BUFG | U_AER_DISTRIBUTED_MONITOR/U_AER_OUT/U_fifo/uut/RAM[47]_349                                    | U_AER_DISTRIBUTED_MONITOR/U_AER_OUT/U_fifo/uut/RAM_reg[0][3]_0                               |                1 |              1 |
|  i_clock_IBUF_BUFG | U_AER_DISTRIBUTED_MONITOR/U_AER_OUT/U_fifo/uut/RAM[10]_376                                    | U_AER_DISTRIBUTED_MONITOR/U_AER_OUT/U_fifo/uut/RAM[63][2]_i_1_n_0                            |                1 |              1 |
|  i_clock_IBUF_BUFG | U_AER_DISTRIBUTED_MONITOR/U_AER_OUT/U_fifo/uut/RAM[47]_349                                    | U_AER_DISTRIBUTED_MONITOR/U_AER_OUT/U_fifo/uut/RAM_reg[3][0]_0                               |                1 |              1 |
|  i_clock_IBUF_BUFG | U_AER_DISTRIBUTED_MONITOR/U_AER_OUT/U_fifo/uut/RAM[10]_376                                    | U_AER_DISTRIBUTED_MONITOR/U_AER_OUT/U_fifo/uut/RAM_reg[3][0]_0                               |                1 |              1 |
|  i_clock_IBUF_BUFG | U_AER_DISTRIBUTED_MONITOR/U_AER_OUT/U_fifo/uut/RAM[11]_344                                    | U_AER_DISTRIBUTED_MONITOR/U_AER_OUT/U_fifo/uut/RAM[63][2]_i_1_n_0                            |                1 |              1 |
|  i_clock_IBUF_BUFG | U_AER_DISTRIBUTED_MONITOR/U_AER_OUT/U_fifo/uut/RAM[26]_378                                    | U_AER_DISTRIBUTED_MONITOR/U_AER_OUT/U_fifo/uut/RAM_reg[0][3]_0                               |                1 |              1 |
|  i_clock_IBUF_BUFG | U_AER_DISTRIBUTED_MONITOR/U_AER_OUT/U_fifo/uut/RAM[11]_344                                    | U_AER_DISTRIBUTED_MONITOR/U_AER_OUT/U_fifo/uut/RAM_reg[3][0]_0                               |                1 |              1 |
|  i_clock_IBUF_BUFG | U_AER_DISTRIBUTED_MONITOR/U_AER_OUT/U_fifo/uut/RAM[12]_364                                    | U_AER_DISTRIBUTED_MONITOR/U_AER_OUT/U_fifo/uut/RAM[63][2]_i_1_n_0                            |                1 |              1 |
|  i_clock_IBUF_BUFG | U_AER_DISTRIBUTED_MONITOR/U_AER_OUT/U_fifo/uut/RAM[26]_378                                    | U_AER_DISTRIBUTED_MONITOR/U_AER_OUT/U_fifo/uut/RAM_reg[3][0]_0                               |                1 |              1 |
|  i_clock_IBUF_BUFG | U_AER_DISTRIBUTED_MONITOR/U_AER_OUT/U_fifo/uut/RAM[12]_364                                    | U_AER_DISTRIBUTED_MONITOR/U_AER_OUT/U_fifo/uut/RAM_reg[3][0]_0                               |                1 |              1 |
|  i_clock_IBUF_BUFG | U_AER_DISTRIBUTED_MONITOR/U_AER_OUT/U_fifo/uut/RAM[13]_332                                    | U_AER_DISTRIBUTED_MONITOR/U_AER_OUT/U_fifo/uut/RAM[63][2]_i_1_n_0                            |                1 |              1 |
|  i_clock_IBUF_BUFG | U_AER_DISTRIBUTED_MONITOR/U_AER_OUT/U_fifo/uut/RAM[59]_347                                    | U_AER_DISTRIBUTED_MONITOR/U_AER_OUT/U_fifo/uut/RAM_reg[0][3]_0                               |                1 |              1 |
|  i_clock_IBUF_BUFG | U_AER_DISTRIBUTED_MONITOR/U_AER_OUT/U_fifo/uut/RAM[13]_332                                    | U_AER_DISTRIBUTED_MONITOR/U_AER_OUT/U_fifo/uut/RAM_reg[3][0]_0                               |                1 |              1 |
|  i_clock_IBUF_BUFG | U_AER_DISTRIBUTED_MONITOR/U_AER_OUT/U_fifo/uut/RAM[59]_347                                    | U_AER_DISTRIBUTED_MONITOR/U_AER_OUT/U_fifo/uut/RAM_reg[3][0]_0                               |                1 |              1 |
|  i_clock_IBUF_BUFG | U_AER_DISTRIBUTED_MONITOR/U_AER_OUT/U_fifo/uut/RAM[54]_375                                    | U_AER_DISTRIBUTED_MONITOR/U_AER_OUT/U_fifo/uut/RAM_reg[3][0]_0                               |                1 |              1 |
|  i_clock_IBUF_BUFG | U_AER_DISTRIBUTED_MONITOR/U_AER_OUT/U_fifo/uut/RAM[18]_370                                    | U_AER_DISTRIBUTED_MONITOR/U_AER_OUT/U_fifo/uut/RAM_reg[3][0]_0                               |                1 |              1 |
|  i_clock_IBUF_BUFG | U_AER_DISTRIBUTED_MONITOR/U_AER_OUT/U_fifo/uut/RAM[15]_348                                    | U_AER_DISTRIBUTED_MONITOR/U_AER_OUT/U_fifo/uut/RAM[63][2]_i_1_n_0                            |                1 |              1 |
|  i_clock_IBUF_BUFG | U_AER_DISTRIBUTED_MONITOR/U_AER_OUT/U_fifo/uut/RAM[20]_358                                    | U_AER_DISTRIBUTED_MONITOR/U_AER_OUT/U_fifo/uut/RAM_reg[0][3]_0                               |                1 |              1 |
|  i_clock_IBUF_BUFG | U_AER_DISTRIBUTED_MONITOR/U_AER_OUT/U_fifo/uut/RAM[15]_348                                    | U_AER_DISTRIBUTED_MONITOR/U_AER_OUT/U_fifo/uut/RAM_reg[3][0]_0                               |                1 |              1 |
|  i_clock_IBUF_BUFG | U_AER_DISTRIBUTED_MONITOR/U_AER_OUT/U_fifo/uut/RAM[16]_354                                    | U_AER_DISTRIBUTED_MONITOR/U_AER_OUT/U_fifo/uut/RAM[63][2]_i_1_n_0                            |                1 |              1 |
|  i_clock_IBUF_BUFG | U_AER_DISTRIBUTED_MONITOR/U_AER_OUT/U_fifo/uut/RAM[20]_358                                    | U_AER_DISTRIBUTED_MONITOR/U_AER_OUT/U_fifo/uut/RAM_reg[3][0]_0                               |                1 |              1 |
|  i_clock_IBUF_BUFG | U_AER_DISTRIBUTED_MONITOR/U_AER_OUT/U_fifo/uut/RAM[16]_354                                    | U_AER_DISTRIBUTED_MONITOR/U_AER_OUT/U_fifo/uut/RAM_reg[3][0]_0                               |                1 |              1 |
|  i_clock_IBUF_BUFG | U_AER_DISTRIBUTED_MONITOR/U_AER_OUT/U_fifo/uut/RAM[43]_345                                    | U_AER_DISTRIBUTED_MONITOR/U_AER_OUT/U_fifo/uut/RAM_reg[0][3]_0                               |                1 |              1 |
|  i_clock_IBUF_BUFG | U_AER_DISTRIBUTED_MONITOR/U_AER_OUT/U_fifo/uut/RAM[19]_338                                    | U_AER_DISTRIBUTED_MONITOR/U_AER_OUT/U_fifo/uut/RAM_reg[0][3]_0                               |                1 |              1 |
|  i_clock_IBUF_BUFG | U_AER_DISTRIBUTED_MONITOR/U_AER_OUT/U_fifo/uut/RAM[19]_338                                    | U_AER_DISTRIBUTED_MONITOR/U_AER_OUT/U_fifo/uut/RAM_reg[3][0]_0                               |                1 |              1 |
|  i_clock_IBUF_BUFG | U_AER_DISTRIBUTED_MONITOR/U_AER_OUT/U_fifo/uut/RAM[17]_322                                    | U_AER_DISTRIBUTED_MONITOR/U_AER_OUT/U_fifo/uut/RAM[63][2]_i_1_n_0                            |                1 |              1 |
|  i_clock_IBUF_BUFG | U_AER_DISTRIBUTED_MONITOR/U_AER_OUT/U_fifo/uut/RAM[43]_345                                    | U_AER_DISTRIBUTED_MONITOR/U_AER_OUT/U_fifo/uut/RAM_reg[3][0]_0                               |                1 |              1 |
|  i_clock_IBUF_BUFG | U_AER_DISTRIBUTED_MONITOR/U_AER_OUT/U_fifo/uut/RAM[17]_322                                    | U_AER_DISTRIBUTED_MONITOR/U_AER_OUT/U_fifo/uut/RAM_reg[3][0]_0                               |                1 |              1 |
|  i_clock_IBUF_BUFG | U_AER_DISTRIBUTED_MONITOR/U_AER_OUT/U_fifo/uut/RAM[14]_380                                    | U_AER_DISTRIBUTED_MONITOR/U_AER_OUT/U_fifo/uut/RAM[63][2]_i_1_n_0                            |                1 |              1 |
|  i_clock_IBUF_BUFG | U_AER_DISTRIBUTED_MONITOR/U_AER_OUT/U_fifo/uut/RAM[23]_342                                    | U_AER_DISTRIBUTED_MONITOR/U_AER_OUT/U_fifo/uut/RAM_reg[0][3]_0                               |                1 |              1 |
|  i_clock_IBUF_BUFG | U_AER_DISTRIBUTED_MONITOR/U_AER_OUT/U_fifo/uut/RAM[14]_380                                    | U_AER_DISTRIBUTED_MONITOR/U_AER_OUT/U_fifo/uut/RAM_reg[3][0]_0                               |                1 |              1 |
|  i_clock_IBUF_BUFG | U_AER_DISTRIBUTED_MONITOR/U_AER_OUT/U_fifo/uut/RAM[23]_342                                    | U_AER_DISTRIBUTED_MONITOR/U_AER_OUT/U_fifo/uut/RAM_reg[3][0]_0                               |                1 |              1 |
|  i_clock_IBUF_BUFG | U_AER_DISTRIBUTED_MONITOR/U_AER_OUT/U_fifo/uut/RAM[29]_334                                    | U_AER_DISTRIBUTED_MONITOR/U_AER_OUT/U_fifo/uut/RAM_reg[0][3]_0                               |                1 |              1 |
|  i_clock_IBUF_BUFG | U_AER_DISTRIBUTED_MONITOR/U_AER_OUT/U_fifo/uut/RAM[29]_334                                    | U_AER_DISTRIBUTED_MONITOR/U_AER_OUT/U_fifo/uut/RAM_reg[3][0]_0                               |                1 |              1 |
|  i_clock_IBUF_BUFG | U_AER_DISTRIBUTED_MONITOR/U_AER_OUT/U_fifo/uut/RAM[48]_355                                    | U_AER_DISTRIBUTED_MONITOR/U_AER_OUT/U_fifo/uut/RAM_reg[0][3]_0                               |                1 |              1 |
|  i_clock_IBUF_BUFG | U_AER_DISTRIBUTED_MONITOR/U_AER_OUT/U_fifo/uut/RAM[48]_355                                    | U_AER_DISTRIBUTED_MONITOR/U_AER_OUT/U_fifo/uut/RAM_reg[3][0]_0                               |                1 |              1 |
|  i_clock_IBUF_BUFG | U_AER_DISTRIBUTED_MONITOR/U_AER_OUT/U_fifo/uut/RAM[28]_366                                    | U_AER_DISTRIBUTED_MONITOR/U_AER_OUT/U_fifo/uut/RAM_reg[0][3]_0                               |                1 |              1 |
|  i_clock_IBUF_BUFG | U_AER_DISTRIBUTED_MONITOR/U_AER_OUT/U_fifo/uut/RAM[49]_323                                    | U_AER_DISTRIBUTED_MONITOR/U_AER_OUT/U_fifo/uut/RAM_reg[0][3]_0                               |                1 |              1 |
|  i_clock_IBUF_BUFG | U_AER_DISTRIBUTED_MONITOR/U_AER_OUT/U_fifo/uut/RAM[49]_323                                    | U_AER_DISTRIBUTED_MONITOR/U_AER_OUT/U_fifo/uut/RAM_reg[3][0]_0                               |                1 |              1 |
|  i_clock_IBUF_BUFG | U_AER_DISTRIBUTED_MONITOR/U_AER_OUT/U_fifo/uut/RAM[28]_366                                    | U_AER_DISTRIBUTED_MONITOR/U_AER_OUT/U_fifo/uut/RAM_reg[3][0]_0                               |                1 |              1 |
|  i_clock_IBUF_BUFG | U_AER_DISTRIBUTED_MONITOR/U_AER_OUT/U_fifo/uut/RAM[54]_375                                    | U_AER_DISTRIBUTED_MONITOR/U_AER_OUT/U_fifo/uut/RAM_reg[0][3]_0                               |                1 |              1 |
|  i_clock_IBUF_BUFG | U_AER_DISTRIBUTED_MONITOR/U_AER_OUT/U_fifo/uut/RAM[21]_326                                    | U_AER_DISTRIBUTED_MONITOR/U_AER_OUT/U_fifo/uut/RAM_reg[0][3]_0                               |                1 |              1 |
|  i_clock_IBUF_BUFG | U_AER_DISTRIBUTED_MONITOR/U_AER_OUT/U_fifo/uut/RAM[21]_326                                    | U_AER_DISTRIBUTED_MONITOR/U_AER_OUT/U_fifo/uut/RAM_reg[3][0]_0                               |                1 |              1 |
|  i_clock_IBUF_BUFG | U_AER_DISTRIBUTED_MONITOR/U_AER_OUT/U_fifo/uut/RAM[57]_331                                    | U_AER_DISTRIBUTED_MONITOR/U_AER_OUT/U_fifo/uut/RAM_reg[0][3]_0                               |                1 |              1 |
|  i_clock_IBUF_BUFG | U_AER_DISTRIBUTED_MONITOR/U_AER_OUT/U_fifo/uut/RAM[57]_331                                    | U_AER_DISTRIBUTED_MONITOR/U_AER_OUT/U_fifo/uut/RAM_reg[3][0]_0                               |                1 |              1 |
|  i_clock_IBUF_BUFG | U_AER_DISTRIBUTED_MONITOR/U_AER_OUT/U_fifo/uut/RAM[44]_365                                    | U_AER_DISTRIBUTED_MONITOR/U_AER_OUT/U_fifo/uut/RAM_reg[0][3]_0                               |                1 |              1 |
|  i_clock_IBUF_BUFG | U_AER_DISTRIBUTED_MONITOR/U_AER_OUT/U_fifo/uut/RAM[52]_359                                    | U_AER_DISTRIBUTED_MONITOR/U_AER_OUT/U_fifo/uut/RAM_reg[0][3]_0                               |                1 |              1 |
|  i_clock_IBUF_BUFG | U_AER_DISTRIBUTED_MONITOR/U_AER_OUT/U_fifo/uut/RAM[52]_359                                    | U_AER_DISTRIBUTED_MONITOR/U_AER_OUT/U_fifo/uut/RAM_reg[3][0]_0                               |                1 |              1 |
|  i_clock_IBUF_BUFG | U_AER_DISTRIBUTED_MONITOR/U_AER_OUT/U_fifo/uut/RAM[44]_365                                    | U_AER_DISTRIBUTED_MONITOR/U_AER_OUT/U_fifo/uut/RAM_reg[3][0]_0                               |                1 |              1 |
|  i_clock_IBUF_BUFG | U_AER_DISTRIBUTED_MONITOR/U_AER_OUT/U_fifo/uut/RAM[58]_379                                    | U_AER_DISTRIBUTED_MONITOR/U_AER_OUT/U_fifo/uut/RAM_reg[0][3]_0                               |                1 |              1 |
|  i_clock_IBUF_BUFG | U_AER_DISTRIBUTED_MONITOR/U_AER_OUT/U_fifo/uut/RAM[58]_379                                    | U_AER_DISTRIBUTED_MONITOR/U_AER_OUT/U_fifo/uut/RAM_reg[3][0]_0                               |                1 |              1 |
|  i_clock_IBUF_BUFG | U_AER_DISTRIBUTED_MONITOR/U_AER_OUT/U_fifo/uut/RAM[37]_325                                    | U_AER_DISTRIBUTED_MONITOR/U_AER_OUT/U_fifo/uut/RAM_reg[0][3]_0                               |                1 |              1 |
|  i_clock_IBUF_BUFG | U_AER_DISTRIBUTED_MONITOR/U_AER_OUT/U_fifo/uut/RAM[22]_374                                    | U_AER_DISTRIBUTED_MONITOR/U_AER_OUT/U_fifo/uut/RAM_reg[0][3]_0                               |                1 |              1 |
|  i_clock_IBUF_BUFG | U_AER_DISTRIBUTED_MONITOR/U_AER_OUT/U_fifo/uut/RAM[22]_374                                    | U_AER_DISTRIBUTED_MONITOR/U_AER_OUT/U_fifo/uut/RAM_reg[3][0]_0                               |                1 |              1 |
|  i_clock_IBUF_BUFG | U_AER_DISTRIBUTED_MONITOR/U_AER_OUT/U_fifo/uut/RAM[4]_356                                     | U_AER_DISTRIBUTED_MONITOR/U_AER_OUT/U_fifo/uut/RAM[63][2]_i_1_n_0                            |                1 |              1 |
|  i_clock_IBUF_BUFG | U_AER_DISTRIBUTED_MONITOR/U_AER_OUT/U_fifo/uut/RAM[37]_325                                    | U_AER_DISTRIBUTED_MONITOR/U_AER_OUT/U_fifo/uut/RAM_reg[3][0]_0                               |                1 |              1 |
|  i_clock_IBUF_BUFG | U_AER_DISTRIBUTED_MONITOR/U_AER_OUT/U_fifo/uut/RAM[4]_356                                     | U_AER_DISTRIBUTED_MONITOR/U_AER_OUT/U_fifo/uut/RAM_reg[3][0]_0                               |                1 |              1 |
|  i_clock_IBUF_BUFG | U_AER_DISTRIBUTED_MONITOR/U_AER_OUT/U_fifo/uut/RAM[3]_336                                     | U_AER_DISTRIBUTED_MONITOR/U_AER_OUT/U_fifo/uut/RAM[63][2]_i_1_n_0                            |                1 |              1 |
|  i_clock_IBUF_BUFG | U_AER_DISTRIBUTED_MONITOR/U_AER_OUT/U_fifo/uut/RAM[33]_321                                    | U_AER_DISTRIBUTED_MONITOR/U_AER_OUT/U_fifo/uut/RAM_reg[0][3]_0                               |                1 |              1 |
|  i_clock_IBUF_BUFG | U_AER_DISTRIBUTED_MONITOR/U_AER_OUT/U_fifo/uut/RAM[3]_336                                     | U_AER_DISTRIBUTED_MONITOR/U_AER_OUT/U_fifo/uut/RAM_reg[3][0]_0                               |                1 |              1 |
|  i_clock_IBUF_BUFG | U_AER_DISTRIBUTED_MONITOR/U_AER_OUT/U_fifo/uut/RAM[33]_321                                    | U_AER_DISTRIBUTED_MONITOR/U_AER_OUT/U_fifo/uut/RAM_reg[3][0]_0                               |                1 |              1 |
|  i_clock_IBUF_BUFG | U_AER_DISTRIBUTED_MONITOR/U_AER_OUT/U_fifo/uut/RAM[50]_371                                    | U_AER_DISTRIBUTED_MONITOR/U_AER_OUT/U_fifo/uut/RAM_reg[0][3]_0                               |                1 |              1 |
|  i_clock_IBUF_BUFG | U_AER_DISTRIBUTED_MONITOR/U_AER_OUT/U_fifo/uut/RAM[50]_371                                    | U_AER_DISTRIBUTED_MONITOR/U_AER_OUT/U_fifo/uut/RAM_reg[3][0]_0                               |                1 |              1 |
|  i_clock_IBUF_BUFG | U_AER_DISTRIBUTED_MONITOR/U_AER_OUT/U_fifo/uut/RAM[5]_324                                     | U_AER_DISTRIBUTED_MONITOR/U_AER_OUT/U_fifo/uut/RAM[63][2]_i_1_n_0                            |                1 |              1 |
|  i_clock_IBUF_BUFG | U_AER_DISTRIBUTED_MONITOR/U_AER_OUT/U_fifo/uut/RAM[45]_333                                    | U_AER_DISTRIBUTED_MONITOR/U_AER_OUT/U_fifo/uut/RAM_reg[0][3]_0                               |                1 |              1 |
|  i_clock_IBUF_BUFG | U_AER_DISTRIBUTED_MONITOR/U_AER_OUT/U_fifo/uut/RAM[5]_324                                     | U_AER_DISTRIBUTED_MONITOR/U_AER_OUT/U_fifo/uut/RAM_reg[3][0]_0                               |                1 |              1 |
|  i_clock_IBUF_BUFG | U_AER_DISTRIBUTED_MONITOR/U_AER_OUT/U_fifo/uut/RAM[45]_333                                    | U_AER_DISTRIBUTED_MONITOR/U_AER_OUT/U_fifo/uut/RAM_reg[3][0]_0                               |                1 |              1 |
|  i_clock_IBUF_BUFG | U_AER_DISTRIBUTED_MONITOR/U_AER_OUT/U_fifo/uut/RAM[62]_383                                    | U_AER_DISTRIBUTED_MONITOR/U_AER_OUT/U_fifo/uut/RAM_reg[0][3]_0                               |                1 |              1 |
|  i_clock_IBUF_BUFG | U_AER_DISTRIBUTED_MONITOR/U_AER_OUT/U_fifo/uut/RAM[62]_383                                    | U_AER_DISTRIBUTED_MONITOR/U_AER_OUT/U_fifo/uut/RAM_reg[3][0]_0                               |                1 |              1 |
|  i_clock_IBUF_BUFG | U_AER_DISTRIBUTED_MONITOR/U_AER_OUT/U_fifo/uut/RAM[46]_381                                    | U_AER_DISTRIBUTED_MONITOR/U_AER_OUT/U_fifo/uut/RAM_reg[0][3]_0                               |                1 |              1 |
|  i_clock_IBUF_BUFG | U_AER_DISTRIBUTED_MONITOR/U_AER_OUT/U_fifo/uut/RAM[60]_367                                    | U_AER_DISTRIBUTED_MONITOR/U_AER_OUT/U_fifo/uut/RAM_reg[0][3]_0                               |                1 |              1 |
|  i_clock_IBUF_BUFG | U_AER_DISTRIBUTED_MONITOR/U_AER_OUT/U_fifo/uut/RAM[60]_367                                    | U_AER_DISTRIBUTED_MONITOR/U_AER_OUT/U_fifo/uut/RAM_reg[3][0]_0                               |                1 |              1 |
|  i_clock_IBUF_BUFG | U_AER_DISTRIBUTED_MONITOR/U_AER_OUT/U_fifo/uut/RAM[46]_381                                    | U_AER_DISTRIBUTED_MONITOR/U_AER_OUT/U_fifo/uut/RAM_reg[3][0]_0                               |                1 |              1 |
|  i_clock_IBUF_BUFG | U_AER_DISTRIBUTED_MONITOR/U_AER_OUT/U_fifo/uut/RAM[42]_377                                    | U_AER_DISTRIBUTED_MONITOR/U_AER_OUT/U_fifo/uut/RAM_reg[0][3]_0                               |                1 |              1 |
|  i_clock_IBUF_BUFG | U_AER_DISTRIBUTED_MONITOR/U_AER_OUT/U_fifo/uut/RAM[42]_377                                    | U_AER_DISTRIBUTED_MONITOR/U_AER_OUT/U_fifo/uut/RAM_reg[3][0]_0                               |                1 |              1 |
|  i_clock_IBUF_BUFG | U_AER_DISTRIBUTED_MONITOR/U_AER_OUT/U_fifo/uut/RAM[38]_373                                    | U_AER_DISTRIBUTED_MONITOR/U_AER_OUT/U_fifo/uut/RAM_reg[0][3]_0                               |                1 |              1 |
|  i_clock_IBUF_BUFG | U_AER_DISTRIBUTED_MONITOR/U_AER_OUT/U_fifo/uut/RAM[30]_382                                    | U_AER_DISTRIBUTED_MONITOR/U_AER_OUT/U_fifo/uut/RAM_reg[0][3]_0                               |                1 |              1 |
|  i_clock_IBUF_BUFG | U_AER_DISTRIBUTED_MONITOR/U_AER_OUT/U_fifo/uut/RAM[30]_382                                    | U_AER_DISTRIBUTED_MONITOR/U_AER_OUT/U_fifo/uut/RAM_reg[3][0]_0                               |                1 |              1 |
|  i_clock_IBUF_BUFG | U_AER_DISTRIBUTED_MONITOR/U_AER_OUT/U_fifo/uut/RAM[38]_373                                    | U_AER_DISTRIBUTED_MONITOR/U_AER_OUT/U_fifo/uut/RAM_reg[3][0]_0                               |                1 |              1 |
|  i_clock_IBUF_BUFG | U_AER_DISTRIBUTED_MONITOR/U_AER_OUT/U_fifo/uut/RAM[39]_341                                    | U_AER_DISTRIBUTED_MONITOR/U_AER_OUT/U_fifo/uut/RAM_reg[0][3]_0                               |                1 |              1 |
|  i_clock_IBUF_BUFG | U_AER_DISTRIBUTED_MONITOR/U_AER_OUT/U_fifo/uut/RAM[39]_341                                    | U_AER_DISTRIBUTED_MONITOR/U_AER_OUT/U_fifo/uut/RAM_reg[3][0]_0                               |                1 |              1 |
|  i_clock_IBUF_BUFG | U_AER_DISTRIBUTED_MONITOR/U_AER_OUT/U_fifo/uut/RAM[41]_329                                    | U_AER_DISTRIBUTED_MONITOR/U_AER_OUT/U_fifo/uut/RAM_reg[0][3]_0                               |                1 |              1 |
|  i_clock_IBUF_BUFG | U_AER_DISTRIBUTED_MONITOR/U_AER_OUT/U_fifo/uut/RAM[61]_335                                    | U_AER_DISTRIBUTED_MONITOR/U_AER_OUT/U_fifo/uut/RAM_reg[0][3]_0                               |                1 |              1 |
|  i_clock_IBUF_BUFG | U_AER_DISTRIBUTED_MONITOR/U_AER_OUT/U_fifo/uut/RAM[61]_335                                    | U_AER_DISTRIBUTED_MONITOR/U_AER_OUT/U_fifo/uut/RAM_reg[3][0]_0                               |                1 |              1 |
|  i_clock_IBUF_BUFG | U_AER_DISTRIBUTED_MONITOR/U_AER_OUT/U_fifo/uut/RAM[41]_329                                    | U_AER_DISTRIBUTED_MONITOR/U_AER_OUT/U_fifo/uut/RAM_reg[3][0]_0                               |                1 |              1 |
|  i_clock_IBUF_BUFG | U_AER_DISTRIBUTED_MONITOR/U_AER_OUT/U_fifo/uut/RAM[63]_351                                    | U_AER_DISTRIBUTED_MONITOR/U_AER_OUT/U_fifo/uut/RAM_reg[0][3]_0                               |                1 |              1 |
|  i_clock_IBUF_BUFG | U_AER_DISTRIBUTED_MONITOR/U_AER_OUT/U_fifo/uut/RAM[63]_351                                    | U_AER_DISTRIBUTED_MONITOR/U_AER_OUT/U_fifo/uut/RAM_reg[3][0]_0                               |                1 |              1 |
|  i_clock_IBUF_BUFG | U_AER_DISTRIBUTED_MONITOR/U_AER_OUT/U_fifo/E[0]                                               | U_AER_DISTRIBUTED_MONITOR/U_AER_OUT/U_fifo/uut/RAM_reg[3][0]_0                               |                1 |              1 |
|  i_clock_IBUF_BUFG | U_AER_DISTRIBUTED_MONITOR/U_AER_OUT/U_fifo/uut/RAM[24]_362                                    | U_AER_DISTRIBUTED_MONITOR/U_AER_OUT/U_fifo/uut/RAM_reg[0][3]_0                               |                1 |              1 |
|  i_clock_IBUF_BUFG | U_AER_DISTRIBUTED_MONITOR/U_AER_OUT/U_fifo/uut/RAM[24]_362                                    | U_AER_DISTRIBUTED_MONITOR/U_AER_OUT/U_fifo/uut/RAM_reg[3][0]_0                               |                1 |              1 |
|  i_clock_IBUF_BUFG | U_AER_DISTRIBUTED_MONITOR/U_AER_OUT/U_fifo/E[0]                                               | U_AER_DISTRIBUTED_MONITOR/U_AER_DISTRIBUTED_MONITOR_MODULE_2/U_AER_FIFO/uut/RAM_reg[30][0]_0 |                1 |              1 |
|  i_clock_IBUF_BUFG | U_AER_DISTRIBUTED_MONITOR/U_AER_OUT/U_fifo/uut/RAM[27]_346                                    | U_AER_DISTRIBUTED_MONITOR/U_AER_OUT/U_fifo/uut/RAM_reg[0][3]_0                               |                1 |              1 |
|  i_clock_IBUF_BUFG | U_AER_DISTRIBUTED_MONITOR/U_AER_OUT/U_fifo/uut/RAM[27]_346                                    | U_AER_DISTRIBUTED_MONITOR/U_AER_OUT/U_fifo/uut/RAM_reg[3][0]_0                               |                1 |              1 |
|  i_clock_IBUF_BUFG | U_AER_DISTRIBUTED_MONITOR/U_AER_OUT/U_fifo/E[0]                                               | U_AER_DISTRIBUTED_MONITOR/U_AER_DISTRIBUTED_MONITOR_MODULE_0/U_AER_FIFO/uut/RAM_reg[43][1]_0 |                1 |              1 |
|  i_clock_IBUF_BUFG | U_AER_DISTRIBUTED_MONITOR/U_AER_OUT/U_fifo/uut/RAM[34]_369                                    | U_AER_DISTRIBUTED_MONITOR/U_AER_OUT/U_fifo/uut/RAM_reg[0][3]_0                               |                1 |              1 |
|  i_clock_IBUF_BUFG | U_AER_DISTRIBUTED_MONITOR/U_AER_OUT/U_fifo/uut/RAM[34]_369                                    | U_AER_DISTRIBUTED_MONITOR/U_AER_OUT/U_fifo/uut/RAM_reg[3][0]_0                               |                1 |              1 |
|  i_clock_IBUF_BUFG | U_AER_DISTRIBUTED_MONITOR/U_AER_OUT/U_fifo/E[0]                                               | U_AER_DISTRIBUTED_MONITOR/U_AER_DISTRIBUTED_MONITOR_MODULE_1/U_AER_FIFO/uut/RAM_reg[55][1]_0 |                1 |              1 |
|  i_clock_IBUF_BUFG | U_AER_DISTRIBUTED_MONITOR/U_AER_OUT/U_fifo/uut/RAM[40]_361                                    | U_AER_DISTRIBUTED_MONITOR/U_AER_OUT/U_fifo/uut/RAM_reg[0][3]_0                               |                1 |              1 |
|  i_clock_IBUF_BUFG | U_AER_DISTRIBUTED_MONITOR/U_AER_OUT/U_fifo/uut/RAM[40]_361                                    | U_AER_DISTRIBUTED_MONITOR/U_AER_OUT/U_fifo/uut/RAM_reg[3][0]_0                               |                1 |              1 |
|  i_clock_IBUF_BUFG | U_AER_DISTRIBUTED_MONITOR/U_AER_OUT/U_fifo/uut/RAM[6]_372                                     | U_AER_DISTRIBUTED_MONITOR/U_AER_OUT/U_fifo/uut/RAM[63][2]_i_1_n_0                            |                1 |              1 |
|  i_clock_IBUF_BUFG | U_AER_DISTRIBUTED_MONITOR/U_AER_OUT/U_fifo/uut/RAM[6]_372                                     | U_AER_DISTRIBUTED_MONITOR/U_AER_OUT/U_fifo/uut/RAM_reg[3][0]_0                               |                1 |              1 |
|  i_clock_IBUF_BUFG | U_AER_DISTRIBUTED_MONITOR/U_AER_OUT/U_fifo/uut/RAM[7]_340                                     | U_AER_DISTRIBUTED_MONITOR/U_AER_OUT/U_fifo/uut/RAM[63][2]_i_1_n_0                            |                1 |              1 |
|  i_clock_IBUF_BUFG | U_AER_DISTRIBUTED_MONITOR/U_AER_OUT/U_fifo/uut/RAM[7]_340                                     | U_AER_DISTRIBUTED_MONITOR/U_AER_OUT/U_fifo/uut/RAM_reg[3][0]_0                               |                1 |              1 |
|  i_clock_IBUF_BUFG | U_AER_DISTRIBUTED_MONITOR/U_AER_OUT/U_fifo/uut/RAM[32]_353                                    | U_AER_DISTRIBUTED_MONITOR/U_AER_OUT/U_fifo/uut/RAM_reg[0][3]_0                               |                1 |              1 |
|  i_clock_IBUF_BUFG | U_AER_DISTRIBUTED_MONITOR/U_AER_OUT/U_fifo/uut/RAM[32]_353                                    | U_AER_DISTRIBUTED_MONITOR/U_AER_OUT/U_fifo/uut/RAM_reg[3][0]_0                               |                1 |              1 |
|  i_clock_IBUF_BUFG | U_AER_DISTRIBUTED_MONITOR/U_AER_OUT/U_fifo/uut/RAM[8]_360                                     | U_AER_DISTRIBUTED_MONITOR/U_AER_OUT/U_fifo/uut/RAM[63][2]_i_1_n_0                            |                1 |              1 |
|  i_clock_IBUF_BUFG | U_AER_DISTRIBUTED_MONITOR/U_AER_OUT/U_fifo/uut/RAM[8]_360                                     | U_AER_DISTRIBUTED_MONITOR/U_AER_OUT/U_fifo/uut/RAM_reg[3][0]_0                               |                1 |              1 |
|  i_clock_IBUF_BUFG | U_AER_DISTRIBUTED_MONITOR/U_AER_OUT/U_fifo/uut/RAM[35]_337                                    | U_AER_DISTRIBUTED_MONITOR/U_AER_OUT/U_fifo/uut/RAM_reg[0][3]_0                               |                1 |              1 |
|  i_clock_IBUF_BUFG | U_AER_DISTRIBUTED_MONITOR/U_AER_OUT/U_fifo/uut/RAM[35]_337                                    | U_AER_DISTRIBUTED_MONITOR/U_AER_OUT/U_fifo/uut/RAM_reg[3][0]_0                               |                1 |              1 |
|  i_clock_IBUF_BUFG | U_AER_DISTRIBUTED_MONITOR/U_AER_OUT/U_fifo/uut/RAM[9]_328                                     | U_AER_DISTRIBUTED_MONITOR/U_AER_OUT/U_fifo/uut/RAM[63][2]_i_1_n_0                            |                1 |              1 |
|  i_clock_IBUF_BUFG | U_AER_DISTRIBUTED_MONITOR/U_AER_OUT/U_fifo/uut/RAM[9]_328                                     | U_AER_DISTRIBUTED_MONITOR/U_AER_OUT/U_fifo/uut/RAM_reg[3][0]_0                               |                1 |              1 |
|  i_clock_IBUF_BUFG | U_AER_DISTRIBUTED_MONITOR/U_AER_OUT/U_fifo/uut/RAM[36]_357                                    | U_AER_DISTRIBUTED_MONITOR/U_AER_OUT/U_fifo/uut/RAM_reg[0][3]_0                               |                1 |              1 |
|  i_clock_IBUF_BUFG | U_AER_DISTRIBUTED_MONITOR/U_AER_OUT/U_fifo/uut/RAM[36]_357                                    | U_AER_DISTRIBUTED_MONITOR/U_AER_OUT/U_fifo/uut/RAM_reg[3][0]_0                               |                1 |              1 |
|  i_clock_IBUF_BUFG | U_AER_DISTRIBUTED_MONITOR/U_AER_OUT/U_fifo/uut/RAM[25]_330                                    | U_AER_DISTRIBUTED_MONITOR/U_AER_OUT/U_fifo/uut/RAM_reg[0][3]_0                               |                1 |              1 |
|  i_clock_IBUF_BUFG | U_AER_DISTRIBUTED_MONITOR/U_AER_OUT/U_fifo/uut/RAM[0]_352                                     | U_AER_DISTRIBUTED_MONITOR/U_AER_OUT/U_fifo/uut/RAM_reg[0][3]_0                               |                1 |              2 |
|  i_clock_IBUF_BUFG | U_AER_DISTRIBUTED_MONITOR/U_AER_OUT/U_fifo/uut/RAM[8]_360                                     | U_AER_DISTRIBUTED_MONITOR/U_AER_OUT/U_fifo/uut/RAM_reg[0][3]_0                               |                1 |              2 |
|  i_clock_IBUF_BUFG | U_AER_DISTRIBUTED_MONITOR/U_AER_OUT/U_fifo/uut/RAM[38]_373                                    | U_AER_DISTRIBUTED_MONITOR/U_AER_OUT/U_fifo/uut/RAM[63][2]_i_1_n_0                            |                1 |              2 |
|  i_clock_IBUF_BUFG | U_AER_DISTRIBUTED_MONITOR/U_AER_OUT/U_fifo/uut/RAM[23]_342                                    | U_AER_DISTRIBUTED_MONITOR/U_AER_OUT/U_fifo/uut/RAM[63][2]_i_1_n_0                            |                1 |              2 |
|  i_clock_IBUF_BUFG | U_AER_DISTRIBUTED_MONITOR/U_AER_OUT/U_fifo/uut/RAM[31]_350                                    | U_AER_DISTRIBUTED_MONITOR/U_AER_OUT/U_fifo/uut/RAM[63][2]_i_1_n_0                            |                1 |              2 |
|  i_clock_IBUF_BUFG | U_AER_DISTRIBUTED_MONITOR/U_AER_OUT/U_fifo/uut/RAM[41]_329                                    | U_AER_DISTRIBUTED_MONITOR/U_AER_OUT/U_fifo/uut/RAM[63][2]_i_1_n_0                            |                1 |              2 |
|  i_clock_IBUF_BUFG | U_AER_DISTRIBUTED_MONITOR/U_AER_OUT/U_fifo/uut/RAM[53]_327                                    | U_AER_DISTRIBUTED_MONITOR/U_AER_OUT/U_fifo/uut/RAM[63][2]_i_1_n_0                            |                1 |              2 |
|  i_clock_IBUF_BUFG | U_AER_DISTRIBUTED_MONITOR/U_AER_OUT/U_fifo/uut/RAM[29]_334                                    | U_AER_DISTRIBUTED_MONITOR/U_AER_OUT/U_fifo/uut/RAM[63][2]_i_1_n_0                            |                1 |              2 |
|  i_clock_IBUF_BUFG | U_AER_DISTRIBUTED_MONITOR/U_AER_OUT/U_fifo/uut/RAM[2]_368                                     | U_AER_DISTRIBUTED_MONITOR/U_AER_OUT/U_fifo/uut/RAM[63][2]_i_1_n_0                            |                1 |              2 |
|  i_clock_IBUF_BUFG | U_AER_DISTRIBUTED_MONITOR/U_AER_OUT/U_fifo/uut/RAM[2]_368                                     | U_AER_DISTRIBUTED_MONITOR/U_AER_OUT/U_fifo/uut/RAM_reg[0][3]_0                               |                1 |              2 |
|  i_clock_IBUF_BUFG | U_AER_DISTRIBUTED_MONITOR/U_AER_OUT/U_fifo/uut/RAM[0]_352                                     | U_AER_DISTRIBUTED_MONITOR/U_AER_OUT/U_fifo/uut/RAM[63][2]_i_1_n_0                            |                1 |              2 |
|  i_clock_IBUF_BUFG | U_AER_DISTRIBUTED_MONITOR/U_AER_OUT/U_fifo/uut/RAM[40]_361                                    | U_AER_DISTRIBUTED_MONITOR/U_AER_OUT/U_fifo/uut/RAM[63][2]_i_1_n_0                            |                1 |              2 |
|  i_clock_IBUF_BUFG | U_AER_DISTRIBUTED_MONITOR/U_AER_OUT/U_fifo/uut/RAM[10]_376                                    | U_AER_DISTRIBUTED_MONITOR/U_AER_OUT/U_fifo/uut/RAM_reg[0][3]_0                               |                1 |              2 |
|  i_clock_IBUF_BUFG | U_AER_DISTRIBUTED_MONITOR/U_AER_OUT/U_fifo/uut/RAM[11]_344                                    | U_AER_DISTRIBUTED_MONITOR/U_AER_OUT/U_fifo/uut/RAM_reg[0][3]_0                               |                1 |              2 |
|  i_clock_IBUF_BUFG | U_AER_DISTRIBUTED_MONITOR/U_AER_OUT/U_fifo/uut/RAM[12]_364                                    | U_AER_DISTRIBUTED_MONITOR/U_AER_OUT/U_fifo/uut/RAM_reg[0][3]_0                               |                1 |              2 |
|  i_clock_IBUF_BUFG | U_AER_DISTRIBUTED_MONITOR/U_AER_OUT/U_fifo/uut/RAM[13]_332                                    | U_AER_DISTRIBUTED_MONITOR/U_AER_OUT/U_fifo/uut/RAM_reg[0][3]_0                               |                1 |              2 |
|  i_clock_IBUF_BUFG | U_AER_DISTRIBUTED_MONITOR/U_AER_OUT/U_fifo/uut/RAM[18]_370                                    | U_AER_DISTRIBUTED_MONITOR/U_AER_OUT/U_fifo/uut/RAM[63][2]_i_1_n_0                            |                1 |              2 |
|  i_clock_IBUF_BUFG | U_AER_DISTRIBUTED_MONITOR/U_AER_OUT/U_fifo/uut/RAM[15]_348                                    | U_AER_DISTRIBUTED_MONITOR/U_AER_OUT/U_fifo/uut/RAM_reg[0][3]_0                               |                1 |              2 |
|  i_clock_IBUF_BUFG | U_AER_DISTRIBUTED_MONITOR/U_AER_OUT/U_fifo/uut/RAM[16]_354                                    | U_AER_DISTRIBUTED_MONITOR/U_AER_OUT/U_fifo/uut/RAM_reg[0][3]_0                               |                1 |              2 |
|  i_clock_IBUF_BUFG | U_AER_DISTRIBUTED_MONITOR/U_AER_OUT/U_fifo/uut/RAM[19]_338                                    | U_AER_DISTRIBUTED_MONITOR/U_AER_OUT/U_fifo/uut/RAM[63][2]_i_1_n_0                            |                1 |              2 |
|  i_clock_IBUF_BUFG | U_AER_DISTRIBUTED_MONITOR/U_AER_OUT/U_fifo/uut/RAM[17]_322                                    | U_AER_DISTRIBUTED_MONITOR/U_AER_OUT/U_fifo/uut/RAM_reg[0][3]_0                               |                1 |              2 |
|  i_clock_IBUF_BUFG | U_AER_DISTRIBUTED_MONITOR/U_AER_OUT/U_fifo/uut/RAM[14]_380                                    | U_AER_DISTRIBUTED_MONITOR/U_AER_OUT/U_fifo/uut/RAM_reg[0][3]_0                               |                1 |              2 |
|  i_clock_IBUF_BUFG | U_AER_DISTRIBUTED_MONITOR/U_AER_OUT/U_fifo/uut/RAM[9]_328                                     | U_AER_DISTRIBUTED_MONITOR/U_AER_OUT/U_fifo/uut/RAM_reg[0][3]_0                               |                1 |              2 |
|  i_clock_IBUF_BUFG | U_AER_DISTRIBUTED_MONITOR/U_AER_OUT/U_fifo/uut/RAM[47]_349                                    | U_AER_DISTRIBUTED_MONITOR/U_AER_OUT/U_fifo/uut/RAM[63][2]_i_1_n_0                            |                2 |              2 |
|  i_clock_IBUF_BUFG | U_AER_DISTRIBUTED_MONITOR/U_AER_OUT/U_fifo/uut/RAM[48]_355                                    | U_AER_DISTRIBUTED_MONITOR/U_AER_OUT/U_fifo/uut/RAM[63][2]_i_1_n_0                            |                1 |              2 |
|  i_clock_IBUF_BUFG | U_AER_DISTRIBUTED_MONITOR/U_AER_OUT/U_fifo/uut/RAM[49]_323                                    | U_AER_DISTRIBUTED_MONITOR/U_AER_OUT/U_fifo/uut/RAM[63][2]_i_1_n_0                            |                1 |              2 |
|  i_clock_IBUF_BUFG | U_AER_DISTRIBUTED_MONITOR/U_AER_OUT/U_fifo/uut/RAM[54]_375                                    | U_AER_DISTRIBUTED_MONITOR/U_AER_OUT/U_fifo/uut/RAM[63][2]_i_1_n_0                            |                1 |              2 |
|  i_clock_IBUF_BUFG | U_AER_DISTRIBUTED_MONITOR/U_AER_OUT/U_fifo/uut/RAM[7]_340                                     | U_AER_DISTRIBUTED_MONITOR/U_AER_OUT/U_fifo/uut/RAM_reg[0][3]_0                               |                1 |              2 |
|  i_clock_IBUF_BUFG | U_AER_DISTRIBUTED_MONITOR/U_AER_OUT/U_fifo/uut/RAM[57]_331                                    | U_AER_DISTRIBUTED_MONITOR/U_AER_OUT/U_fifo/uut/RAM[63][2]_i_1_n_0                            |                1 |              2 |
|  i_clock_IBUF_BUFG | U_AER_DISTRIBUTED_MONITOR/U_AER_OUT/U_fifo/uut/RAM[52]_359                                    | U_AER_DISTRIBUTED_MONITOR/U_AER_OUT/U_fifo/uut/RAM[63][2]_i_1_n_0                            |                1 |              2 |
|  i_clock_IBUF_BUFG | U_AER_DISTRIBUTED_MONITOR/U_AER_OUT/U_fifo/uut/RAM[58]_379                                    | U_AER_DISTRIBUTED_MONITOR/U_AER_OUT/U_fifo/uut/RAM[63][2]_i_1_n_0                            |                1 |              2 |
|  i_clock_IBUF_BUFG | U_AER_DISTRIBUTED_MONITOR/U_AER_OUT/U_fifo/uut/RAM[22]_374                                    | U_AER_DISTRIBUTED_MONITOR/U_AER_OUT/U_fifo/uut/RAM[63][2]_i_1_n_0                            |                1 |              2 |
|  i_clock_IBUF_BUFG | U_AER_DISTRIBUTED_MONITOR/U_AER_OUT/U_fifo/uut/RAM[4]_356                                     | U_AER_DISTRIBUTED_MONITOR/U_AER_OUT/U_fifo/uut/RAM_reg[0][3]_0                               |                2 |              2 |
|  i_clock_IBUF_BUFG | U_AER_DISTRIBUTED_MONITOR/U_AER_OUT/U_fifo/uut/RAM[3]_336                                     | U_AER_DISTRIBUTED_MONITOR/U_AER_OUT/U_fifo/uut/RAM_reg[0][3]_0                               |                1 |              2 |
|  i_clock_IBUF_BUFG | U_AER_DISTRIBUTED_MONITOR/U_AER_OUT/U_fifo/uut/RAM[50]_371                                    | U_AER_DISTRIBUTED_MONITOR/U_AER_OUT/U_fifo/uut/RAM[63][2]_i_1_n_0                            |                1 |              2 |
|  i_clock_IBUF_BUFG | U_AER_DISTRIBUTED_MONITOR/U_AER_OUT/U_fifo/uut/RAM[5]_324                                     | U_AER_DISTRIBUTED_MONITOR/U_AER_OUT/U_fifo/uut/RAM_reg[0][3]_0                               |                1 |              2 |
|  i_clock_IBUF_BUFG | U_AER_DISTRIBUTED_MONITOR/U_AER_OUT/U_fifo/uut/RAM[62]_383                                    | U_AER_DISTRIBUTED_MONITOR/U_AER_OUT/U_fifo/uut/RAM[63][2]_i_1_n_0                            |                2 |              2 |
|  i_clock_IBUF_BUFG | U_AER_DISTRIBUTED_MONITOR/U_AER_OUT/U_fifo/uut/RAM[60]_367                                    | U_AER_DISTRIBUTED_MONITOR/U_AER_OUT/U_fifo/uut/RAM[63][2]_i_1_n_0                            |                1 |              2 |
|  i_clock_IBUF_BUFG | U_AER_DISTRIBUTED_MONITOR/U_AER_OUT/U_fifo/uut/RAM[42]_377                                    | U_AER_DISTRIBUTED_MONITOR/U_AER_OUT/U_fifo/uut/RAM[63][2]_i_1_n_0                            |                1 |              2 |
|  i_clock_IBUF_BUFG | U_AER_DISTRIBUTED_MONITOR/U_AER_OUT/U_fifo/uut/RAM[30]_382                                    | U_AER_DISTRIBUTED_MONITOR/U_AER_OUT/U_fifo/uut/RAM[63][2]_i_1_n_0                            |                2 |              2 |
|  i_clock_IBUF_BUFG | U_AER_DISTRIBUTED_MONITOR/U_AER_OUT/U_fifo/uut/RAM[39]_341                                    | U_AER_DISTRIBUTED_MONITOR/U_AER_OUT/U_fifo/uut/RAM[63][2]_i_1_n_0                            |                1 |              2 |
|  i_clock_IBUF_BUFG | U_AER_DISTRIBUTED_MONITOR/U_AER_OUT/U_fifo/uut/RAM[61]_335                                    | U_AER_DISTRIBUTED_MONITOR/U_AER_OUT/U_fifo/uut/RAM[63][2]_i_1_n_0                            |                1 |              2 |
|  i_clock_IBUF_BUFG | U_AER_DISTRIBUTED_MONITOR/U_AER_OUT/U_fifo/uut/RAM[63]_351                                    | U_AER_DISTRIBUTED_MONITOR/U_AER_OUT/U_fifo/uut/RAM[63][2]_i_1_n_0                            |                1 |              2 |
|  i_clock_IBUF_BUFG | U_AER_DISTRIBUTED_MONITOR/U_AER_OUT/U_fifo/uut/RAM[24]_362                                    | U_AER_DISTRIBUTED_MONITOR/U_AER_OUT/U_fifo/uut/RAM[63][2]_i_1_n_0                            |                1 |              2 |
|  i_clock_IBUF_BUFG | U_AER_DISTRIBUTED_MONITOR/U_AER_OUT/U_fifo/uut/RAM[27]_346                                    | U_AER_DISTRIBUTED_MONITOR/U_AER_OUT/U_fifo/uut/RAM[63][2]_i_1_n_0                            |                1 |              2 |
|  i_clock_IBUF_BUFG | U_AER_DISTRIBUTED_MONITOR/U_AER_OUT/U_fifo/uut/RAM[34]_369                                    | U_AER_DISTRIBUTED_MONITOR/U_AER_OUT/U_fifo/uut/RAM[63][2]_i_1_n_0                            |                1 |              2 |
|  i_clock_IBUF_BUFG | U_AER_DISTRIBUTED_MONITOR/U_AER_OUT/U_fifo/uut/RAM[28]_366                                    | U_AER_DISTRIBUTED_MONITOR/U_AER_OUT/U_fifo/uut/RAM[63][2]_i_1_n_0                            |                1 |              2 |
|  i_clock_IBUF_BUFG | U_AER_DISTRIBUTED_MONITOR/U_AER_OUT/U_fifo/uut/RAM[56]_363                                    | U_AER_DISTRIBUTED_MONITOR/U_AER_OUT/U_fifo/uut/RAM[63][2]_i_1_n_0                            |                1 |              2 |
|  i_clock_IBUF_BUFG | U_AER_DISTRIBUTED_MONITOR/U_AER_OUT/U_fifo/uut/RAM[1]_320                                     | U_AER_DISTRIBUTED_MONITOR/U_AER_OUT/U_fifo/uut/RAM[63][2]_i_1_n_0                            |                1 |              2 |
|  i_clock_IBUF_BUFG | U_AER_DISTRIBUTED_MONITOR/U_AER_OUT/U_fifo/uut/RAM[1]_320                                     | U_AER_DISTRIBUTED_MONITOR/U_AER_OUT/U_fifo/uut/RAM_reg[0][3]_0                               |                1 |              2 |
|  i_clock_IBUF_BUFG | U_AER_DISTRIBUTED_MONITOR/U_AER_OUT/U_fifo/uut/RAM[21]_326                                    | U_AER_DISTRIBUTED_MONITOR/U_AER_OUT/U_fifo/uut/RAM[63][2]_i_1_n_0                            |                1 |              2 |
|  i_clock_IBUF_BUFG | U_AER_DISTRIBUTED_MONITOR/U_AER_OUT/U_fifo/uut/RAM[26]_378                                    | U_AER_DISTRIBUTED_MONITOR/U_AER_OUT/U_fifo/uut/RAM[63][2]_i_1_n_0                            |                1 |              2 |
|  i_clock_IBUF_BUFG | U_AER_DISTRIBUTED_MONITOR/U_AER_OUT/U_fifo/uut/RAM[36]_357                                    | U_AER_DISTRIBUTED_MONITOR/U_AER_OUT/U_fifo/uut/RAM[63][2]_i_1_n_0                            |                1 |              2 |
|  i_clock_IBUF_BUFG | U_AER_DISTRIBUTED_MONITOR/U_AER_OUT/U_fifo/uut/RAM[44]_365                                    | U_AER_DISTRIBUTED_MONITOR/U_AER_OUT/U_fifo/uut/RAM[63][2]_i_1_n_0                            |                1 |              2 |
|  i_clock_IBUF_BUFG | U_AER_DISTRIBUTED_MONITOR/U_AER_OUT/U_fifo/uut/RAM[35]_337                                    | U_AER_DISTRIBUTED_MONITOR/U_AER_OUT/U_fifo/uut/RAM[63][2]_i_1_n_0                            |                1 |              2 |
|  i_clock_IBUF_BUFG | U_AER_DISTRIBUTED_MONITOR/U_AER_OUT/U_fifo/uut/RAM[59]_347                                    | U_AER_DISTRIBUTED_MONITOR/U_AER_OUT/U_fifo/uut/RAM[63][2]_i_1_n_0                            |                2 |              2 |
|  i_clock_IBUF_BUFG | U_AER_DISTRIBUTED_MONITOR/U_AER_OUT/U_fifo/uut/RAM[37]_325                                    | U_AER_DISTRIBUTED_MONITOR/U_AER_OUT/U_fifo/uut/RAM[63][2]_i_1_n_0                            |                1 |              2 |
|  i_clock_IBUF_BUFG | U_AER_DISTRIBUTED_MONITOR/U_AER_OUT/U_fifo/uut/RAM[51]_339                                    | U_AER_DISTRIBUTED_MONITOR/U_AER_OUT/U_fifo/uut/RAM[63][2]_i_1_n_0                            |                1 |              2 |
|  i_clock_IBUF_BUFG | U_AER_DISTRIBUTED_MONITOR/U_AER_OUT/U_fifo/uut/RAM[6]_372                                     | U_AER_DISTRIBUTED_MONITOR/U_AER_OUT/U_fifo/uut/RAM_reg[0][3]_0                               |                1 |              2 |
|  i_clock_IBUF_BUFG | U_AER_DISTRIBUTED_MONITOR/U_AER_OUT/U_fifo/uut/RAM[33]_321                                    | U_AER_DISTRIBUTED_MONITOR/U_AER_OUT/U_fifo/uut/RAM[63][2]_i_1_n_0                            |                1 |              2 |
|  i_clock_IBUF_BUFG | U_AER_DISTRIBUTED_MONITOR/U_AER_OUT/U_fifo/uut/RAM[20]_358                                    | U_AER_DISTRIBUTED_MONITOR/U_AER_OUT/U_fifo/uut/RAM[63][2]_i_1_n_0                            |                1 |              2 |
|  i_clock_IBUF_BUFG | U_AER_DISTRIBUTED_MONITOR/U_AER_OUT/U_fifo/uut/RAM[25]_330                                    | U_AER_DISTRIBUTED_MONITOR/U_AER_OUT/U_fifo/uut/RAM[63][2]_i_1_n_0                            |                1 |              2 |
|  i_clock_IBUF_BUFG | U_AER_DISTRIBUTED_MONITOR/U_AER_OUT/U_fifo/uut/RAM[45]_333                                    | U_AER_DISTRIBUTED_MONITOR/U_AER_OUT/U_fifo/uut/RAM[63][2]_i_1_n_0                            |                2 |              2 |
|  i_clock_IBUF_BUFG | U_AER_DISTRIBUTED_MONITOR/U_AER_OUT/U_fifo/uut/RAM[55]_343                                    | U_AER_DISTRIBUTED_MONITOR/U_AER_OUT/U_fifo/uut/RAM[63][2]_i_1_n_0                            |                1 |              2 |
|  i_clock_IBUF_BUFG | U_AER_DISTRIBUTED_MONITOR/U_AER_OUT/U_fifo/uut/RAM[43]_345                                    | U_AER_DISTRIBUTED_MONITOR/U_AER_OUT/U_fifo/uut/RAM[63][2]_i_1_n_0                            |                1 |              2 |
|  i_clock_IBUF_BUFG | U_AER_DISTRIBUTED_MONITOR/U_AER_OUT/U_fifo/uut/RAM[46]_381                                    | U_AER_DISTRIBUTED_MONITOR/U_AER_OUT/U_fifo/uut/RAM[63][2]_i_1_n_0                            |                1 |              2 |
|  i_clock_IBUF_BUFG | U_AER_DISTRIBUTED_MONITOR/U_AER_OUT/U_fifo/uut/RAM[32]_353                                    | U_AER_DISTRIBUTED_MONITOR/U_AER_OUT/U_fifo/uut/RAM[63][2]_i_1_n_0                            |                1 |              2 |
|  i_clock_IBUF_BUFG | U_AER_DISTRIBUTED_MONITOR/U_AER_DISTRIBUTED_MONITOR_MODULE_0/U_AER_FIFO/memused[5]_i_1__0_n_0 | U_AER_DISTRIBUTED_MONITOR/U_AER_DISTRIBUTED_MONITOR_MODULE_0/U_AER_FIFO/uut/RAM_reg[43][1]_0 |                1 |              3 |
|  i_clock_IBUF_BUFG | U_AER_DISTRIBUTED_MONITOR/U_AER_DISTRIBUTED_MONITOR_MODULE_0/U_AER_FIFO/memused[5]_i_1__0_n_0 | U_AER_DISTRIBUTED_MONITOR/U_AER_DISTRIBUTED_MONITOR_MODULE_0/U_AER_FIFO/memused_reg[4]_0     |                2 |              3 |
|  i_clock_IBUF_BUFG | U_AER_DISTRIBUTED_MONITOR/U_AER_OUT/U_handshakeOut/dataOut[3]_i_1_n_0                         | U_AER_DISTRIBUTED_MONITOR/U_AER_OUT/U_fifo/uut/RAM_reg[0][3]_0                               |                1 |              4 |
|  i_clock_IBUF_BUFG |                                                                                               | U_AER_DISTRIBUTED_MONITOR/U_AER_OUT/U_fifo/uut/RAM_reg[0][3]_0                               |                3 |              4 |
|  i_clock_IBUF_BUFG | U_AER_DISTRIBUTED_MONITOR/U_AER_OUT/U_fifo/E[0]                                               | U_AER_DISTRIBUTED_MONITOR/U_AER_OUT/U_fifo/uut/RAM_reg[0][3]_0                               |                3 |              5 |
|  i_clock_IBUF_BUFG | sel                                                                                           | U_AER_DISTRIBUTED_MONITOR/U_AER_DISTRIBUTED_MONITOR_MODULE_0/U_AER_FIFO/memused_reg[4]_0     |                1 |              6 |
|  i_clock_IBUF_BUFG | U_AER_DISTRIBUTED_MONITOR/U_AER_DISTRIBUTED_MONITOR_MODULE_3/U_AER_FIFO/memused[5]_i_1__3_n_0 | U_AER_DISTRIBUTED_MONITOR/U_AER_DISTRIBUTED_MONITOR_MODULE_1/U_AER_FIFO/uut/RAM_reg[55][1]_0 |                2 |              6 |
|  i_clock_IBUF_BUFG | U_AER_DISTRIBUTED_MONITOR/U_AER_DISTRIBUTED_MONITOR_MODULE_3/U_AER_FIFO/index_o[5]_i_1__2_n_0 | U_AER_DISTRIBUTED_MONITOR/U_AER_DISTRIBUTED_MONITOR_MODULE_1/U_AER_FIFO/uut/RAM_reg[0][1]_0  |                2 |              6 |
|  i_clock_IBUF_BUFG | U_AER_DISTRIBUTED_MONITOR/U_AER_DISTRIBUTED_MONITOR_MODULE_3/U_AER_FIFO/index_i[5]_i_1__2_n_0 | U_AER_DISTRIBUTED_MONITOR/U_AER_DISTRIBUTED_MONITOR_MODULE_1/U_AER_FIFO/uut/RAM_reg[0][1]_0  |                1 |              6 |
|  i_clock_IBUF_BUFG | U_AER_DISTRIBUTED_MONITOR/U_AER_OUT/U_handshakeOut/index_o_reg[0][0]                          | U_AER_DISTRIBUTED_MONITOR/U_AER_OUT/U_fifo/uut/RAM_reg[3][0]_0                               |                2 |              6 |
|  i_clock_IBUF_BUFG | U_AER_DISTRIBUTED_MONITOR/U_AER_OUT/U_fifo/memused                                            | U_AER_DISTRIBUTED_MONITOR/U_AER_OUT/U_fifo/uut/RAM_reg[0][3]_0                               |                4 |              6 |
|  i_clock_IBUF_BUFG | U_AER_DISTRIBUTED_MONITOR/U_AER_OUT/U_fifo/index_i[5]_i_1__3_n_0                              | U_AER_DISTRIBUTED_MONITOR/U_AER_OUT/U_fifo/uut/RAM_reg[0][3]_0                               |                2 |              6 |
|  i_clock_IBUF_BUFG | U_AER_DISTRIBUTED_MONITOR/U_AER_DISTRIBUTED_MONITOR_MODULE_2/U_AER_FIFO/memused[5]_i_1__2_n_0 | U_AER_DISTRIBUTED_MONITOR/U_AER_OUT/U_fifo/uut/RAM_reg[0][3]_0                               |                2 |              6 |
|  i_clock_IBUF_BUFG | U_AER_DISTRIBUTED_MONITOR/U_AER_DISTRIBUTED_MONITOR_MODULE_2/U_AER_FIFO/index_o[5]_i_1__1_n_0 | U_AER_DISTRIBUTED_MONITOR/U_AER_DISTRIBUTED_MONITOR_MODULE_2/U_AER_FIFO/uut/RAM_reg[30][0]_0 |                2 |              6 |
|  i_clock_IBUF_BUFG | U_AER_DISTRIBUTED_MONITOR/U_AER_DISTRIBUTED_MONITOR_MODULE_2/U_AER_FIFO/index_i[5]_i_1__1_n_0 | U_AER_DISTRIBUTED_MONITOR/U_AER_DISTRIBUTED_MONITOR_MODULE_2/U_AER_FIFO/uut/RAM_reg[30][0]_0 |                2 |              6 |
|  i_clock_IBUF_BUFG | U_AER_DISTRIBUTED_MONITOR/U_AER_DISTRIBUTED_MONITOR_MODULE_0/U_AER_FIFO/index_o[5]_i_1_n_0    | U_AER_DISTRIBUTED_MONITOR/U_AER_OUT/U_fifo/uut/RAM_reg[3][0]_0                               |                2 |              6 |
|  i_clock_IBUF_BUFG | U_AER_DISTRIBUTED_MONITOR/U_AER_DISTRIBUTED_MONITOR_MODULE_0/U_AER_FIFO/index_i[5]_i_1_n_0    | U_AER_DISTRIBUTED_MONITOR/U_AER_OUT/U_fifo/uut/RAM_reg[3][0]_0                               |                1 |              6 |
|  i_clock_IBUF_BUFG | U_AER_DISTRIBUTED_MONITOR/U_AER_DISTRIBUTED_MONITOR_MODULE_1/U_AER_FIFO/index_o[5]_i_1__0_n_0 | U_AER_DISTRIBUTED_MONITOR/U_AER_DISTRIBUTED_MONITOR_MODULE_1/U_AER_FIFO/uut/RAM_reg[55][1]_0 |                2 |              6 |
|  i_clock_IBUF_BUFG | U_AER_DISTRIBUTED_MONITOR/U_AER_DISTRIBUTED_MONITOR_MODULE_1/U_AER_FIFO/index_i[5]_i_1__0_n_0 | U_AER_DISTRIBUTED_MONITOR/U_AER_DISTRIBUTED_MONITOR_MODULE_1/U_AER_FIFO/uut/RAM_reg[55][1]_0 |                1 |              6 |
|  i_clock_IBUF_BUFG | U_AER_DISTRIBUTED_MONITOR/U_AER_DISTRIBUTED_MONITOR_MODULE_1/U_AER_FIFO/memused[5]_i_1__1_n_0 | U_AER_DISTRIBUTED_MONITOR/U_AER_OUT/U_fifo/uut/RAM_reg[3][0]_0                               |                1 |              6 |
|  i_clock_IBUF_BUFG |                                                                                               | U_AER_DISTRIBUTED_MONITOR/U_AER_OUT/U_fifo/uut/RAM_reg[3][0]_0                               |               11 |             27 |
|  i_clock_IBUF_BUFG |                                                                                               | U_AER_DISTRIBUTED_MONITOR/U_AER_DISTRIBUTED_MONITOR_MODULE_1/U_AER_FIFO/uut/RAM_reg[55][1]_0 |               35 |             94 |
|  i_clock_IBUF_BUFG |                                                                                               | U_AER_DISTRIBUTED_MONITOR/U_AER_DISTRIBUTED_MONITOR_MODULE_2/U_AER_FIFO/uut/RAM_reg[30][0]_0 |               33 |            100 |
|  i_clock_IBUF_BUFG |                                                                                               | U_AER_DISTRIBUTED_MONITOR/U_AER_DISTRIBUTED_MONITOR_MODULE_1/U_AER_FIFO/uut/RAM_reg[0][1]_0  |               35 |            101 |
|  i_clock_IBUF_BUFG |                                                                                               | U_AER_DISTRIBUTED_MONITOR/U_AER_DISTRIBUTED_MONITOR_MODULE_0/U_AER_FIFO/uut/RAM_reg[43][1]_0 |               36 |            109 |
|  i_clock_IBUF_BUFG |                                                                                               | U_AER_DISTRIBUTED_MONITOR/U_AER_DISTRIBUTED_MONITOR_MODULE_3/U_AER_FIFO/uut/RAM_reg[23][0]_0 |               39 |            113 |
+--------------------+-----------------------------------------------------------------------------------------------+----------------------------------------------------------------------------------------------+------------------+----------------+


+--------+-----------------------+
| Fanout | Number of ControlSets |
+--------+-----------------------+
| 1      |                   127 |
| 2      |                    67 |
| 3      |                     2 |
| 4      |                     2 |
| 5      |                     1 |
| 6      |                    15 |
| 16+    |                     6 |
+--------+-----------------------+


