Copyright 1986-2018 Xilinx, Inc. All Rights Reserved.
-------------------------------------------------------------------------------------------------------------------------------------------------------------
| Tool Version     : Vivado v.2018.1 (win64) Build 2188600 Wed Apr  4 18:40:38 MDT 2018
| Date             : Wed Apr 14 15:23:38 2021
| Host             : DESKTOP-16SBGVD running 64-bit major release  (build 9200)
| Command          : report_power -file NASIC_monitor_power_routed.rpt -pb NASIC_monitor_power_summary_routed.pb -rpx NASIC_monitor_power_routed.rpx
| Design           : NASIC_monitor
| Device           : xc7a75tcsg324-2
| Design State     : routed
| Grade            : commercial
| Process          : typical
| Characterization : Production
-------------------------------------------------------------------------------------------------------------------------------------------------------------

Power Report

Table of Contents
-----------------
1. Summary
1.1 On-Chip Components
1.2 Power Supply Summary
1.3 Confidence Level
2. Settings
2.1 Environment
2.2 Clock Constraints
3. Detailed Reports
3.1 By Hierarchy

1. Summary
----------

+--------------------------+--------------+
| Total On-Chip Power (W)  | 9.266        |
| Design Power Budget (W)  | Unspecified* |
| Power Budget Margin (W)  | NA           |
| Dynamic (W)              | 9.090        |
| Device Static (W)        | 0.176        |
| Effective TJA (C/W)      | 4.6          |
| Max Ambient (C)          | 42.7         |
| Junction Temperature (C) | 67.3         |
| Confidence Level         | Low          |
| Setting File             | ---          |
| Simulation Activity File | ---          |
| Design Nets Matched      | NA           |
+--------------------------+--------------+
* Specify Design Power Budget using, set_operating_conditions -design_power_budget <value in Watts>


1.1 On-Chip Components
----------------------

+----------------+-----------+----------+-----------+-----------------+
| On-Chip        | Power (W) | Used     | Available | Utilization (%) |
+----------------+-----------+----------+-----------+-----------------+
| Slice Logic    |     2.162 |     2298 |       --- |             --- |
|   LUT as Logic |     2.000 |     1101 |     47200 |            2.33 |
|   Register     |     0.129 |      914 |     94400 |            0.97 |
|   F7/F8 Muxes  |     0.027 |      148 |     63400 |            0.23 |
|   BUFG         |     0.006 |        1 |        32 |            3.13 |
|   Others       |     0.000 |       10 |       --- |             --- |
| Signals        |     2.583 |     1356 |       --- |             --- |
| I/O            |     4.345 |       28 |       210 |           13.33 |
| Static Power   |     0.176 |          |           |                 |
| Total          |     9.266 |          |           |                 |
+----------------+-----------+----------+-----------+-----------------+


1.2 Power Supply Summary
------------------------

+-----------+-------------+-----------+-------------+------------+
| Source    | Voltage (V) | Total (A) | Dynamic (A) | Static (A) |
+-----------+-------------+-----------+-------------+------------+
| Vccint    |       1.000 |     4.904 |       4.825 |      0.079 |
| Vccaux    |       1.800 |     0.182 |       0.156 |      0.026 |
| Vcco33    |       3.300 |     1.211 |       1.207 |      0.004 |
| Vcco25    |       2.500 |     0.000 |       0.000 |      0.000 |
| Vcco18    |       1.800 |     0.000 |       0.000 |      0.000 |
| Vcco15    |       1.500 |     0.000 |       0.000 |      0.000 |
| Vcco135   |       1.350 |     0.000 |       0.000 |      0.000 |
| Vcco12    |       1.200 |     0.000 |       0.000 |      0.000 |
| Vccaux_io |       1.800 |     0.000 |       0.000 |      0.000 |
| Vccbram   |       1.000 |     0.002 |       0.000 |      0.002 |
| MGTAVcc   |       1.000 |     0.000 |       0.000 |      0.000 |
| MGTAVtt   |       1.200 |     0.000 |       0.000 |      0.000 |
| Vccadc    |       1.800 |     0.020 |       0.000 |      0.020 |
+-----------+-------------+-----------+-------------+------------+


1.3 Confidence Level
--------------------

+-----------------------------+------------+--------------------------------------------------------+--------------------------------------------------------------------------------------------------------------------+
| User Input Data             | Confidence | Details                                                | Action                                                                                                             |
+-----------------------------+------------+--------------------------------------------------------+--------------------------------------------------------------------------------------------------------------------+
| Design implementation state | High       | Design is routed                                       |                                                                                                                    |
| Clock nodes activity        | Low        | User specified less than 75% of clocks                 | Provide missing clock activity with a constraint file, simulation results or by editing the "By Clock Domain" view |
| I/O nodes activity          | Low        | More than 75% of inputs are missing user specification | Provide missing input activity with simulation results or by editing the "By Resource Type -> I/Os" view           |
| Internal nodes activity     | Medium     | User specified less than 25% of internal nodes         | Provide missing internal nodes activity with simulation results or by editing the "By Resource Type" views         |
| Device models               | High       | Device models are Production                           |                                                                                                                    |
|                             |            |                                                        |                                                                                                                    |
| Overall confidence level    | Low        |                                                        |                                                                                                                    |
+-----------------------------+------------+--------------------------------------------------------+--------------------------------------------------------------------------------------------------------------------+


2. Settings
-----------

2.1 Environment
---------------

+-----------------------+--------------------------+
| Ambient Temp (C)      | 25.0                     |
| ThetaJA (C/W)         | 4.6                      |
| Airflow (LFM)         | 250                      |
| Heat Sink             | medium (Medium Profile)  |
| ThetaSA (C/W)         | 4.6                      |
| Board Selection       | medium (10"x10")         |
| # of Board Layers     | 12to15 (12 to 15 Layers) |
| Board Temperature (C) | 25.0                     |
+-----------------------+--------------------------+


2.2 Clock Constraints
---------------------

+-------+--------+-----------------+
| Clock | Domain | Constraint (ns) |
+-------+--------+-----------------+


3. Detailed Reports
-------------------

3.1 By Hierarchy
----------------

+----------------------------------------+-----------+
| Name                                   | Power (W) |
+----------------------------------------+-----------+
| NASIC_monitor                          |     9.090 |
|   U_AER_DISTRIBUTED_MONITOR            |     4.515 |
|     U_AER_DISTRIBUTED_MONITOR_MODULE_0 |     0.856 |
|       U_AER_FIFO                       |     0.741 |
|         uut                            |     0.642 |
|     U_AER_DISTRIBUTED_MONITOR_MODULE_1 |     0.843 |
|       U_AER_FIFO                       |     0.731 |
|         uut                            |     0.632 |
|     U_AER_DISTRIBUTED_MONITOR_MODULE_2 |     0.776 |
|       U_AER_FIFO                       |     0.664 |
|         uut                            |     0.570 |
|     U_AER_DISTRIBUTED_MONITOR_MODULE_3 |     0.791 |
|       U_AER_FIFO                       |     0.680 |
|         uut                            |     0.571 |
|     U_AER_OUT                          |     0.884 |
|       U_fifo                           |     0.799 |
|         uut                            |     0.548 |
|       U_handshakeOut                   |     0.085 |
+----------------------------------------+-----------+


